<?xml version="1.0" encoding="UTF-8"?>
<!-- Generated by org.testng.reporters.JUnitReportReporter -->
<testsuite hostname="DESKTOP-7T6G0J0" failures="0" tests="2" name="swaglab.testcase" time="1.845" errors="0" timestamp="2025-09-20T16:08:56 AST" skipped="0">
  <testcase classname="swaglab.testcase" name="Login" time="0.258"/>
  <testcase classname="swaglab.testcase" name="Checkout" time="1.587"/>
</testsuite> <!-- swaglab.testcase -->
