<?xml version="1.0" encoding="UTF-8"?>
<!-- Generated by org.testng.reporters.JUnitReportReporter -->
<testsuite hostname="DESKTOP-7T6G0J0" failures="0" tests="2" name="swaglab.AddRandomItem" time="0.529" errors="0" timestamp="2025-09-22T22:39:34 AST" skipped="0">
  <testcase classname="swaglab.AddRandomItem" name="Login" time="0.419"/>
  <testcase classname="swaglab.AddRandomItem" name="AddRandItem" time="0.110"/>
</testsuite> <!-- swaglab.AddRandomItem -->
